        -:    0:Source:/home/anthony/Documents/Classes/Cryptography/Encryption_module/src/TSHencrypt.c
        -:    0:Graph:./obj/TSHencrypt.gcno
        -:    0:Data:./obj/TSHencrypt.gcda
        -:    0:Runs:2
        -:    0:Programs:1
        -:    1:#include "TSHencrypt.h"
        -:    2:#include "hillcipher.h"
        -:    3:#include "transsub.h"
        -:    4:
        -:    5:#include <limits.h>
        -:    6:
function encrypt called 7 returned 100% blocks executed 58%
        7:    7:bool encrypt(FILE *input, FILE *output, const unsigned int key[2][2], bool mode)
        -:    8:{
        -:    9:	// Check for proper inputs
        7:   10:	ERROR_PTR_BOOL(input);
branch  0 taken 0% (fallthrough)
branch  1 taken 100%
call    2 never executed
        7:   11:	ERROR_PTR_BOOL(output);
branch  0 taken 0% (fallthrough)
branch  1 taken 100%
call    2 never executed
        -:   12:	
        -:   13:	// Calculate the size of the file
        7:   14:	PERROR_NUM_BOOL(fseek(input, 0L, SEEK_END));
call    0 returned 100%
branch  1 taken 0% (fallthrough)
branch  2 taken 100%
call    3 never executed
        7:   15:	long int size = ftell(input);
call    0 returned 100%
        7:   16:	PERROR_NUM_BOOL(fseek(input, 0L, SEEK_SET));
call    0 returned 100%
branch  1 taken 0% (fallthrough)
branch  2 taken 100%
call    3 never executed
        -:   17:	
        -:   18:	// Transposition
        7:   19:	int determinant = (int) key[0][0] * key[1][1] - (int) key[0][1] * key[1][0];
        7:   20:	int *transmap = (int *)malloc(sizeof(int) * size);
        7:   21:	ERROR_PTR_BOOL(transmap);
branch  0 taken 0% (fallthrough)
branch  1 taken 100%
call    2 never executed
        -:   22:	
        7:   23:	int *detransmap = (int *)malloc(sizeof(int) * size);
        7:   24:	ERROR_PTR_BOOL(detransmap);
branch  0 taken 0% (fallthrough)
branch  1 taken 100%
call    2 never executed
        -:   25:	
        7:   26:	maketransmap(determinant, size, transmap, detransmap);
call    0 returned 100%
        -:   27:	
        -:   28:	// Do not use macro here, redundant failure then
        7:   29:	if(!transpose(input, output, size, transmap)) {
call    0 returned 100%
branch  1 taken 0% (fallthrough)
branch  2 taken 100%
    #####:   30:		printf("Error: Transposition failure.\n");
call    0 never executed
    #####:   31:		return false;
        -:   32:	}
        7:   33:	free((void *)transmap);
        7:   34:	free((void *)detransmap);
        -:   35:	
        -:   36:	// Substitution
        -:   37:	int i;
        -:   38:	int temp;
        7:   39:	PERROR_NUM_BOOL(fseek(output, 0L, SEEK_SET));
call    0 returned 100%
branch  1 taken 0% (fallthrough)
branch  2 taken 100%
call    3 never executed
 25781794:   40:	for(i = 0; i < size; i++)
branch  0 taken 99%
branch  1 taken 1% (fallthrough)
        -:   41:	{
 25781787:   42:		ERROR_NUM_BOOL((temp = fgetc(output)));
call    0 returned 100%
branch  1 taken 0% (fallthrough)
branch  2 taken 100%
call    3 never executed
 25781787:   43:		temp = (unsigned char) findbeta((unsigned char) temp);
call    0 returned 100%
 25781787:   44:		PERROR_NUM_BOOL(fseek(output, -1, SEEK_CUR));
call    0 returned 100%
branch  1 taken 0% (fallthrough)
branch  2 taken 100%
call    3 never executed
 25781787:   45:		ERROR_NUM_BOOL(fputc(temp, output));
call    0 returned 100%
branch  1 taken 0% (fallthrough)
branch  2 taken 100%
call    3 never executed
        -:   46:	}
        -:   47:	
        7:   48:	if(mode == MODE_TEXT)
branch  0 taken 57% (fallthrough)
branch  1 taken 43%
        -:   49:	{
        -:   50:		// Hill cipher
        4:   51:		PERROR_NUM_BOOL(fseek(output, 0L, SEEK_SET));
call    0 returned 100%
branch  1 taken 0% (fallthrough)
branch  2 taken 100%
call    3 never executed
        -:   52:		unsigned int cipherin[2][1], cipherout[2][1];
        -:   53:		int c0, c1;
  7572090:   54:		for(i = 0; i < size; i +=2)
branch  0 taken 99%
branch  1 taken 1% (fallthrough)
        -:   55:		{	
  7572086:   56:			ERROR_NUM_BOOL((c0 = fgetc(output)));
call    0 returned 100%
branch  1 taken 0% (fallthrough)
branch  2 taken 100%
call    3 never executed
        -:   57:			// Cannot check error on c1 because we could get EOF
  7572086:   58:			c1 = fgetc(output);
call    0 returned 100%
        -:   59:
  7572086:   60:			cipherin[0][0] = (unsigned int) c0;
  7572086:   61:			cipherin[1][0] = (unsigned int) c1;
        -:   62:
        -:   63:			// Use psuedo-EOF ' ' to use an unsigned int in hillcipher (stay in Z_PRIME)
  7572086:   64:			if(c1 == EOF)
branch  0 taken 1% (fallthrough)
branch  1 taken 99%
        -:   65:			{
        1:   66:				cipherin[1][0] = 0;
        -:   67:			}
        -:   68:
  7572086:   69:			hillcipher2(cipherin, cipherout, key);
call    0 returned 100%
        -:   70:
        -:   71:			// Very careful about seek since we are going by 2's
        -:   72:			// The output file will always be an even number of bytes
        -:   73:			// going up for odd byte values (e.g. 15 bytes will output 16)
        -:   74:			// This is so the hillcipher decryption will use an encryped EOF
        -:   75:			// to decrypt the last byte
  7572086:   76:			if(c1 != EOF){
branch  0 taken 99% (fallthrough)
branch  1 taken 1%
  7572085:   77:				PERROR_NUM_BOOL(fseek(output, -2, SEEK_CUR));
call    0 returned 100%
branch  1 taken 0% (fallthrough)
branch  2 taken 100%
call    3 never executed
        -:   78:			}
        -:   79:			else {
        1:   80:				PERROR_NUM_BOOL(fseek(output, -1, SEEK_CUR));
call    0 returned 100%
branch  1 taken 0% (fallthrough)
branch  2 taken 100%
call    3 never executed
        -:   81:			}
        -:   82:
        -:   83:			// Always output two chars for encryption
  7572086:   84:			ERROR_NUM_BOOL(fputc((unsigned char)cipherout[0][0], output));
call    0 returned 100%
branch  1 taken 0% (fallthrough)
branch  2 taken 100%
call    3 never executed
  7572086:   85:			ERROR_NUM_BOOL(fputc((unsigned char)cipherout[1][0], output));
call    0 returned 100%
branch  1 taken 0% (fallthrough)
branch  2 taken 100%
call    3 never executed
        -:   86:		}
        -:   87:	}
        -:   88:	
        7:   89:	return true;
        -:   90:}
        -:   91:
function decrypt called 7 returned 100% blocks executed 61%
        7:   92:bool decrypt(FILE *input, FILE *output, const unsigned int key[2][2], bool mode)
        -:   93:{
        -:   94:	// Check for proper inputs
        7:   95:	ERROR_PTR_BOOL(input);
branch  0 taken 0% (fallthrough)
branch  1 taken 100%
call    2 never executed
        7:   96:	ERROR_PTR_BOOL(output);
branch  0 taken 0% (fallthrough)
branch  1 taken 100%
call    2 never executed
        -:   97:	
        -:   98:	// Calculate the size of the file
        7:   99:	PERROR_NUM_BOOL(fseek(input, 0L, SEEK_END));
call    0 returned 100%
branch  1 taken 0% (fallthrough)
branch  2 taken 100%
call    3 never executed
        7:  100:	long int size = ftell(input);
call    0 returned 100%
        7:  101:	PERROR_NUM_BOOL(fseek(input, 0L, SEEK_SET));
call    0 returned 100%
branch  1 taken 0% (fallthrough)
branch  2 taken 100%
call    3 never executed
        -:  102:	
        -:  103:	// Hill cipher
        -:  104:	int i;
        -:  105:	int c0;
        -:  106:	
        7:  107:	if(mode == MODE_TEXT)
branch  0 taken 71% (fallthrough)
branch  1 taken 29%
        -:  108:	{
        -:  109:		int c1;
        -:  110:
        6:  111:		PERROR_NUM_BOOL(fseek(output, 0L, SEEK_SET));
call    0 returned 100%
branch  1 taken 0% (fallthrough)
branch  2 taken 100%
call    3 never executed
        -:  112:		unsigned int cipherin[2][1], cipherout[2][1], inverseKey[2][2];
        -:  113:
        5:  114:		if(!inverse2_Z( (unsigned int (*)[2]) key, inverseKey)) 
call    0 returned 100%
branch  1 taken 0% (fallthrough)
branch  2 taken 100%
        -:  115:		{
    #####:  116:			printf("Aborting decryption: Key non-invertable\n");
call    0 never executed
    #####:  117:			return false;
        -:  118:		}
        5:  119:		if(!checkKeyIntegrity2(key, (const unsigned int (*)[2])inverseKey))
call    0 returned 100%
branch  1 taken 0% (fallthrough)
branch  2 taken 100%
        -:  120:		{
    #####:  121:			printf("Aborting decryption: Bad key\n");	
call    0 never executed
    #####:  122:			return false;
        -:  123:		}
        -:  124:
  7579859:  125:		for(i = 0; i < size; i +=2)
branch  0 taken 99%
branch  1 taken 1% (fallthrough)
        -:  126:		{
  7579855:  127:			ERROR_NUM_BOOL((c0 = fgetc(input)));
call    0 returned 100%
branch  1 taken 0% (fallthrough)
branch  2 taken 100%
call    3 never executed
  7579855:  128:			ERROR_NUM_BOOL((c1 = fgetc(input)));
call    0 returned 100%
branch  1 taken 1% (fallthrough)
branch  2 taken 99%
call    3 returned 100%
  7579854:  129:			cipherin[0][0] = (unsigned int) c0;
  7579854:  130:			cipherin[1][0] = (unsigned int) c1;
  7579854:  131:			hillcipher2(cipherin, cipherout, (const unsigned int (*)[2]) inverseKey);
call    0 returned 100%
        -:  132:
        -:  133:			// Very careful.. don't put EOF for decryption, corrected back to
        -:  134:			// odd bytes if original was odd, check for psuedo-EOF
  7579854:  135:			if((size > i+2) || (cipherout[1][0]  != 0))
branch  0 taken 1% (fallthrough)
branch  1 taken 99%
branch  2 taken 75% (fallthrough)
branch  3 taken 25%
        -:  136:			{
  7579853:  137:				ERROR_NUM_BOOL(fputc((unsigned char)cipherout[0][0], output));
call    0 returned 100%
branch  1 taken 0% (fallthrough)
branch  2 taken 100%
call    3 never executed
  7579853:  138:				ERROR_NUM_BOOL(fputc((unsigned char)cipherout[1][0], output));
call    0 returned 100%
branch  1 taken 0% (fallthrough)
branch  2 taken 100%
call    3 never executed
        -:  139:			}
        -:  140:			else 
        -:  141:			{
        1:  142:				ERROR_NUM_BOOL(fputc((unsigned char)cipherout[0][0], output));
call    0 returned 100%
branch  1 taken 0% (fallthrough)
branch  2 taken 100%
call    3 never executed
        1:  143:				size--;
        -:  144:			}
        -:  145:		}
        -:  146:	}
        -:  147:	
        -:  148:	// Substitution
        -:  149:	FILE *transTemp;
        -:  150:	char tempFileName[NAME_MAX];
        6:  151:	sprintf(tempFileName, "temp%d.txt", fileno(input));
call    0 returned 100%
        6:  152:	transTemp = fopen(tempFileName, "w+");
call    0 returned 100%
        -:  153:	
        6:  154:	PERROR_PTR_BOOL(transTemp);
branch  0 taken 0% (fallthrough)
branch  1 taken 100%
call    2 never executed
        6:  155:	PERROR_NUM_BOOL(fseek(output, 0L, SEEK_SET));
call    0 returned 100%
branch  1 taken 0% (fallthrough)
branch  2 taken 100%
call    3 never executed
        6:  156:	PERROR_NUM_BOOL(fseek(transTemp, 0L, SEEK_SET));
call    0 returned 100%
branch  1 taken 0% (fallthrough)
branch  2 taken 100%
call    3 never executed
        -:  157:	
        -:  158:	// Necessary for proper piping if mode is changed
        6:  159:	FILE* switchMode = (mode == MODE_TEXT) ? output : input;
branch  0 taken 67% (fallthrough)
branch  1 taken 33%
        -:  160:	
 25766256:  161:	for(i = 0; i < size; i++)
branch  0 taken 99%
branch  1 taken 1% (fallthrough)
        -:  162:	{
 25766250:  163:		ERROR_NUM_BOOL((c0 = fgetc(switchMode)));
call    0 returned 100%
branch  1 taken 0% (fallthrough)
branch  2 taken 100%
call    3 never executed
 25766250:  164:		ERROR_NUM_BOOL(fputc(findalpha((unsigned char) c0), transTemp));
call    0 returned 100%
call    1 returned 100%
branch  2 taken 0% (fallthrough)
branch  3 taken 100%
call    4 never executed
        -:  165:	}
        -:  166:	
        -:  167:	// Transposition
        6:  168:	PERROR_NUM_BOOL(fseek(output, 0L, SEEK_SET));
call    0 returned 100%
branch  1 taken 0% (fallthrough)
branch  2 taken 100%
call    3 never executed
        6:  169:	int determinant = (int) key[0][0] * key[1][1] - (int) key[0][1] * key[1][0];
        6:  170:	int *transmap = (int *)malloc(sizeof(int) * size);
        6:  171:	ERROR_PTR_BOOL(transmap);
branch  0 taken 0% (fallthrough)
branch  1 taken 100%
call    2 never executed
        -:  172:	
        6:  173:	int *detransmap = (int *)malloc(sizeof(int) * size);
        6:  174:	ERROR_PTR_BOOL(detransmap);
branch  0 taken 0% (fallthrough)
branch  1 taken 100%
call    2 never executed
        -:  175:	
        6:  176:	maketransmap(determinant, size, transmap, detransmap);
call    0 returned 100%
        -:  177:	
        6:  178:	if(!detranspose(transTemp, output, size, detransmap)) {
call    0 returned 100%
branch  1 taken 0% (fallthrough)
branch  2 taken 100%
    #####:  179:		printf("Error: Detranspose error.\n");
call    0 never executed
    #####:  180:		return false;
        -:  181:	}
        -:  182:	
        6:  183:	free((void *)transmap);
        6:  184:	free((void *)detransmap);
        -:  185:
        -:  186:	// destroy temp file
        6:  187:	PERROR_NUM_BOOL(fclose(transTemp));
call    0 returned 100%
branch  1 taken 0% (fallthrough)
branch  2 taken 100%
call    3 never executed
        6:  188:	PERROR_NUM_BOOL(remove(tempFileName));
call    0 returned 100%
branch  1 taken 0% (fallthrough)
branch  2 taken 100%
call    3 never executed
        -:  189:
        6:  190:	return true;
        -:  191:}
