        -:    0:Source:/home/christian/Documents/GitHub/Cryptography/Directory_Search_module/dirUnitTest.c
        -:    0:Graph:./obj/dirUnitTest.gcno
        -:    0:Data:./obj/dirUnitTest.gcda
        -:    0:Runs:1
        -:    0:Programs:1
        -:    1:#include <stdio.h>
        -:    2:#include <stdlib.h>
        -:    3:#include <stdbool.h>
        -:    4:#include <unistd.h>
        -:    5:
        -:    6:#include "stack.h"
        -:    7:#include "dir_search.h"
        -:    8:
        -:    9:// Test driver for search, soak test
        -:   10:	
function main called 1 returned 100% blocks executed 58%
        1:   11:int main(void)
        -:   12:{
        1:   13:	itemS_t* file = NULL;
        1:   14:	STACK_t* myFiles = NULL;
        1:   15:	char userInput = '\0';
        1:   16:	bool success = false;
        1:   17:	scanf(" %c", &userInput);
call    0 returned 100%
        -:   18:
        4:   19:	while(userInput != 'q')
branch  0 taken 67%
branch  1 taken 33% (fallthrough)
        -:   20:	{
        2:   21:		file = NULL;
        2:   22:		myFiles = NULL;
        -:   23:		
        2:   24:		switch(userInput)
branch  0 taken 0%
branch  1 taken 0%
branch  2 taken 0%
branch  3 taken 0%
branch  4 taken 0%
branch  5 taken 50%
branch  6 taken 50%
branch  7 taken 0%
        -:   25:		{
        -:   26:			success = false;
        -:   27:			case '1':
    #####:   28:				myFiles = search("", false, false);
call    0 never executed
    #####:   29:				break;
        -:   30:			case '2':
    #####:   31:				myFiles = search("", false, true);
call    0 never executed
    #####:   32:				break;
        -:   33:			case '3':
    #####:   34:				myFiles = search("..", true, false);
call    0 never executed
    #####:   35:				break;
        -:   36:			case '4':
    #####:   37:				myFiles = search("..", true, true);
call    0 never executed
    #####:   38:				break;
        -:   39:			case '5':
    #####:   40:				myFiles = search("../../../../..", true, false);
call    0 never executed
    #####:   41:				break;
        -:   42:			case '6': 
        1:   43:				myFiles = search("EmptyFolder", false, false);
call    0 returned 100%
        1:   44:				break;
        -:   45:			case '7': 
        1:   46:				myFiles = search("/", false, false);
call    0 returned 100%
        -:   47:			default:
        1:   48:				break;
        -:   49:		}
        -:   50:		
        2:   51:		if(myFiles != NULL)
branch  0 taken 100% (fallthrough)
branch  1 taken 0%
        -:   52:		{
        2:   53:			file = pop(myFiles);
call    0 returned 100%
        2:   54:			success = true;
        -:   55:		}
    #####:   56:		else file = NULL;
        4:   57:		while(file != NULL)
branch  0 taken 0%
branch  1 taken 100% (fallthrough)
        -:   58:		{
    #####:   59:			free(file->keyValue);
    #####:   60:			free(file);
    #####:   61:			file = pop(myFiles);
call    0 never executed
        -:   62:		}
        2:   63:		free(myFiles);
        -:   64:
        2:   65:		success ? printf("Success!\n") : printf("Fail!\n");
branch  0 taken 100% (fallthrough)
branch  1 taken 0%
call    2 returned 100%
call    3 never executed
        -:   66:		
        2:   67:		scanf(" %c", &userInput);
call    0 returned 100%
        -:   68:	}
        -:   69:  
        1:   70:	return 0;
        -:   71:}
